Space Type:      RealVectorSpace Type
Space dimension: 6
Planner type:    RGBMT*
Planner info:
	 Succesfull:           yes
	 Number of iterations: 9
	 Number of states:     19
	 Planning time [ms]:   914
	 Path cost [rad]:      4.00468
Tree: start
q: (     0      0      0 3.1415 1.5708      0); parent q: NONE
q: (-0.955281 -0.230028  -1.05915   1.28998 -0.933328  -6.08858); parent q: (-0.895576 -0.215651 -0.992954    1.4057  -0.77682  -5.70805)
q: (-0.895576 -0.215651 -0.992954    1.4057  -0.77682  -5.70805); parent q: (     0      0      0 3.1415 1.5708      0)
q: ( -3.44412   1.49191   -2.8624   -4.2102 -0.974257    3.5151); parent q: (-0.895576 -0.215651 -0.992954    1.4057  -0.77682  -5.70805)
q: ( 0.198223 -0.498812  -2.97265  0.785268   2.96586 -0.610879); parent q: (0.0433613 -0.109115 -0.650266   2.62607   1.87597  -0.13363)
q: ( -5.01671 -0.121889  -1.27846  -6.14313   2.19341  -1.79988); parent q: (     0      0      0 3.1415 1.5708      0)
q: ( -1.89663 -0.736981 -0.202737   6.23412  0.403509   -4.3709); parent q: (     0      0      0 3.1415 1.5708      0)
q: (0.0433613 -0.109115 -0.650266   2.62607   1.87597  -0.13363); parent q: (     0      0      0 3.1415 1.5708      0)
q: (  5.63807 0.0722185  -3.04429   1.45657  0.665469    1.8512); parent q: (  0.305613  -0.100615  -0.762486    2.57125    1.81923 -0.0405909)
q: (  0.305613  -0.100615  -0.762486    2.57125    1.81923 -0.0405909); parent q: (0.0433613 -0.109115 -0.650266   2.62607   1.87597  -0.13363)
q: ( 5.72203  1.57507 -3.33402  4.44978 -1.35173  3.28221); parent q: ( 1.23656 0.187394 -1.20447  2.89413  1.27422 0.530515)
q: ( 1.23656 0.187394 -1.20447  2.89413  1.27422 0.530515); parent q: (  0.305613  -0.100615  -0.762486    2.57125    1.81923 -0.0405909)
q: (  1.60283 0.0495484 -0.107689   3.15474   1.55554  0.125273); parent q: ( 1.23656 0.187394 -1.20447  2.89413  1.27422 0.530515)
q: (1.5708      0      0 3.1415 1.5708      0); parent q: ( 1.23656 0.187394 -1.20447  2.89413  1.27422 0.530515)
Tree: goal
q: (1.5708      0      0 3.1415 1.5708      0); parent q: NONE
q: ( 2.59584  1.58555 -3.44606   3.5651  1.08258  4.00875); parent q: (  1.60283 0.0495484 -0.107689   3.15474   1.55554  0.125273)
q: (  1.60283 0.0495484 -0.107689   3.15474   1.55554  0.125273); parent q: (1.5708      0      0 3.1415 1.5708      0)
q: ( 5.72203  1.57507 -3.33402  4.44978 -1.35173  3.28221); parent q: (  1.60283 0.0495484 -0.107689   3.15474   1.55554  0.125273)
q: (  6.19423  -1.36262 -0.555966    3.5667  0.537019  -2.70238); parent q: (1.5708      0      0 3.1415 1.5708      0)
Cost convergence: 
Cost [rad]		Num. states		Time [ms]
inf		1		0
inf		2		0
inf		3		33
inf		4		36
inf		5		177
inf		6		177
inf		7		284
inf		8		284
inf		9		323
inf		10		434
inf		11		465
inf		12		516
4.00468		13		914
4.00468		14		914
4.00468		15		914
4.00468		16		914
4.00468		17		914
4.00468		18		914
4.00468		19		914
Path:
q: (     0      0      0 3.1415 1.5708      0); parent q: NONE
q: (0.0433613 -0.109115 -0.650266   2.62607   1.87597  -0.13363); parent q: (     0      0      0 3.1415 1.5708      0)
q: (  0.305613  -0.100615  -0.762486    2.57125    1.81923 -0.0405909); parent q: (0.0433613 -0.109115 -0.650266   2.62607   1.87597  -0.13363)
q: ( 1.23656 0.187394 -1.20447  2.89413  1.27422 0.530515); parent q: (  0.305613  -0.100615  -0.762486    2.57125    1.81923 -0.0405909)
q: (1.5708      0      0 3.1415 1.5708      0); parent q: ( 1.23656 0.187394 -1.20447  2.89413  1.27422 0.530515)
-------------------------
