Space Type:      RealVectorSpace Type
Space dimension: 6
Planner type:    RGBMT*
Planner info:
	 Succesfull:           yes
	 Number of iterations: 95
	 Number of states:     297
	 Planning time [ms]:   807
	 Path cost [rad]:      7.25604
Tree: start
q: ( 6.27852 0.575959 -1.67552        0  1.09956        0); parent q: NONE
q: (  3.97728 -0.125066  -3.85503  -6.03494  0.938947   5.19819); parent q: ( 6.27852 0.575959 -1.67552        0  1.09956        0)
q: ( 6.27852 0.575959 -1.67552        0  1.09956        0); parent q: ( 6.27852 0.575959 -1.67552        0  1.09956        0)
q: (     0      0      0 3.1415 1.5708      0); parent q: ( 6.27852 0.575959 -1.67552        0  1.09956        0)
q: ( -4.78904  -1.53119  -3.40755 -0.514011   1.15098   4.44209); parent q: ( 6.27852 0.575959 -1.67552        0  1.09956        0)
q: (-6.12443 -0.28703 -3.10133 -2.90105  2.10819  1.70877); parent q: ( 6.27852 0.575959 -1.67552        0  1.09956        0)
q: (     0      0      0 3.1415 1.5708      0); parent q: ( 6.27852 0.575959 -1.67552        0  1.09956        0)
q: (   1.4652 -0.540317  -2.89522   4.38449   -1.1278  -4.16299); parent q: ( 6.27852 0.575959 -1.67552        0  1.09956        0)
q: ( 0.761036 -0.129005 0.0065364   3.06996    1.6471 -0.702127); parent q: ( 6.27852 0.575959 -1.67552        0  1.09956        0)
q: (     0      0      0 3.1415 1.5708      0); parent q: ( 6.27852 0.575959 -1.67552        0  1.09956        0)
q: (-0.904728 -0.825681   -2.9635   1.52577  0.382113  -2.39775); parent q: ( 6.27852 0.575959 -1.67552        0  1.09956        0)
q: ( 0.761036 -0.129005 0.0065364   3.06996    1.6471 -0.702127); parent q: ( 6.27852 0.575959 -1.67552        0  1.09956        0)
q: (     0      0      0 3.1415 1.5708      0); parent q: ( 6.27852 0.575959 -1.67552        0  1.09956        0)
q: (  6.10401  0.144976  -3.81354  -2.74524 -0.278004   2.79533); parent q: ( 6.27852 0.575959 -1.67552        0  1.09956        0)
q: ( 6.27852 0.575959 -1.67552        0  1.09956        0); parent q: ( 6.27852 0.575959 -1.67552        0  1.09956        0)
q: (     0      0      0 3.1415 1.5708      0); parent q: ( 6.27852 0.575959 -1.67552        0  1.09956        0)
q: (  4.88465 -0.649771  -3.66163   3.98798  0.393026   4.74281); parent q: ( 6.27852 0.575959 -1.67552        0  1.09956        0)
q: ( 6.27852 0.575959 -1.67552        0  1.09956        0); parent q: ( 6.27852 0.575959 -1.67552        0  1.09956        0)
q: (     0      0      0 3.1415 1.5708      0); parent q: ( 6.27852 0.575959 -1.67552        0  1.09956        0)
q: (  0.13937  -1.51859  -3.43551   4.58394 -0.330266  -5.66762); parent q: ( 6.27852 0.575959 -1.67552        0  1.09956        0)
q: ( 0.761036 -0.129005 0.0065364   3.06996    1.6471 -0.702127); parent q: ( 6.27852 0.575959 -1.67552        0  1.09956        0)
q: (     0      0      0 3.1415 1.5708      0); parent q: ( 6.27852 0.575959 -1.67552        0  1.09956        0)
q: (-0.331434  -1.02954  -2.65687  -1.90239    -1.261   1.54656); parent q: ( 6.27852 0.575959 -1.67552        0  1.09956        0)
q: ( 0.159273  -1.21614 -0.401948  -2.39513   3.05478 -0.357339); parent q: ( 6.27852 0.575959 -1.67552        0  1.09956        0)
q: (     0      0      0 3.1415 1.5708      0); parent q: ( 6.27852 0.575959 -1.67552        0  1.09956        0)
q: (  4.7382  -2.0032 -1.81575  3.32589 0.349882 0.368299); parent q: ( 6.27852 0.575959 -1.67552        0  1.09956        0)
q: (  3.44198  0.422454 -0.733029   1.83951   2.85743 -0.979636); parent q: ( 6.27852 0.575959 -1.67552        0  1.09956        0)
q: (     0      0      0 3.1415 1.5708      0); parent q: ( 6.27852 0.575959 -1.67552        0  1.09956        0)
q: (  4.52908 -0.706539 0.0112159  -1.45455   1.52654  -5.69467); parent q: ( 6.27852 0.575959 -1.67552        0  1.09956        0)
q: ( 4.60073 0.842497  -2.0161 0.157872   1.9175 -3.72869); parent q: ( 6.27852 0.575959 -1.67552        0  1.09956        0)
q: (     0      0      0 3.1415 1.5708      0); parent q: ( 6.27852 0.575959 -1.67552        0  1.09956        0)
q: (  -5.44394 -0.0971273   -1.35192    1.74279    1.57067   -1.87518); parent q: ( 6.27852 0.575959 -1.67552        0  1.09956        0)
q: ( 0.0149319  -0.114014 -0.0376826    2.62244    1.70992 -0.0335005); parent q: ( 6.27852 0.575959 -1.67552        0  1.09956        0)
q: (     0      0      0 3.1415 1.5708      0); parent q: ( 6.27852 0.575959 -1.67552        0  1.09956        0)
q: ( -0.62542 0.0957857  -1.21903  -2.96977 -0.365074 -0.345656); parent q: ( 6.27852 0.575959 -1.67552        0  1.09956        0)
q: ( 0.159273  -1.21614 -0.401948  -2.39513   3.05478 -0.357339); parent q: ( 6.27852 0.575959 -1.67552        0  1.09956        0)
q: ( 0.0149319  -0.114014 -0.0376826    2.62244    1.70992 -0.0335005); parent q: ( 6.27852 0.575959 -1.67552        0  1.09956        0)
q: (     0      0      0 3.1415 1.5708      0); parent q: ( 6.27852 0.575959 -1.67552        0  1.09956        0)
q: (  3.27324   -1.6035  -3.09989    4.1662 -0.403891   2.52921); parent q: ( 6.27852 0.575959 -1.67552        0  1.09956        0)
q: (   2.7945 -0.274671  -3.03091   2.06273 -0.204102   3.11621); parent q: ( 6.27852 0.575959 -1.67552        0  1.09956        0)
q: (  0.349313 -0.0343338  -0.378863    3.00665    1.34894   0.389527); parent q: ( 6.27852 0.575959 -1.67552        0  1.09956        0)
q: (     0      0      0 3.1415 1.5708      0); parent q: ( 6.27852 0.575959 -1.67552        0  1.09956        0)
q: (1.29171 1.82331 -3.1938 2.19329  2.7636 5.16896); parent q: ( 6.27852 0.575959 -1.67552        0  1.09956        0)
q: ( 2.95844  1.51034 -2.71354  5.14955  2.71638    3.462); parent q: ( 6.27852 0.575959 -1.67552        0  1.09956        0)
q: (     0      0      0 3.1415 1.5708      0); parent q: ( 6.27852 0.575959 -1.67552        0  1.09956        0)
q: (  2.55447   1.26964  -3.73749   2.16563  -1.48728 -0.479864); parent q: ( 6.27852 0.575959 -1.67552        0  1.09956        0)
q: (   2.7945 -0.274671  -3.03091   2.06273 -0.204102   3.11621); parent q: ( 6.27852 0.575959 -1.67552        0  1.09956        0)
q: (  0.349313 -0.0343338  -0.378863    3.00665    1.34894   0.389527); parent q: ( 6.27852 0.575959 -1.67552        0  1.09956        0)
q: (     0      0      0 3.1415 1.5708      0); parent q: ( 6.27852 0.575959 -1.67552        0  1.09956        0)
q: (  3.48327  0.159167 -0.870208   4.01496  0.707732   3.47373); parent q: ( 6.27852 0.575959 -1.67552        0  1.09956        0)
q: (   2.7945 -0.274671  -3.03091   2.06273 -0.204102   3.11621); parent q: ( 6.27852 0.575959 -1.67552        0  1.09956        0)
q: (  0.349313 -0.0343338  -0.378863    3.00665    1.34894   0.389527); parent q: ( 6.27852 0.575959 -1.67552        0  1.09956        0)
q: (     0      0      0 3.1415 1.5708      0); parent q: ( 6.27852 0.575959 -1.67552        0  1.09956        0)
q: (   3.57467   -0.84272 -0.0267729   0.305222    2.30313   -5.73265); parent q: ( 6.27852 0.575959 -1.67552        0  1.09956        0)
q: (  6.08829  -1.03204 0.0522912   2.56916   2.18122  -5.61702); parent q: ( 6.27852 0.575959 -1.67552        0  1.09956        0)
q: ( 0.761036 -0.129005 0.0065364   3.06996    1.6471 -0.702127); parent q: ( 6.27852 0.575959 -1.67552        0  1.09956        0)
q: (     0      0      0 3.1415 1.5708      0); parent q: ( 6.27852 0.575959 -1.67552        0  1.09956        0)
q: ( -4.77694   1.07405   -1.8785 -0.134743  -1.66881   5.86123); parent q: ( 6.27852 0.575959 -1.67552        0  1.09956        0)
q: (-4.93515 0.169278 -1.74904 -1.50147  -1.5766 0.146059); parent q: ( 6.27852 0.575959 -1.67552        0  1.09956        0)
q: ( -0.0956943 -0.00448484  -0.0484582     3.04709      1.5792   0.0266995); parent q: ( 6.27852 0.575959 -1.67552        0  1.09956        0)
q: (     0      0      0 3.1415 1.5708      0); parent q: ( 6.27852 0.575959 -1.67552        0  1.09956        0)
q: ( -2.35386  0.969165  -2.11485   1.30358 -0.653871   1.59805); parent q: ( 6.27852 0.575959 -1.67552        0  1.09956        0)
q: ( -1.73697 -0.732614  -3.27216   3.28452 -0.115828   1.22246); parent q: ( 6.27852 0.575959 -1.67552        0  1.09956        0)
q: (     0      0      0 3.1415 1.5708      0); parent q: ( 6.27852 0.575959 -1.67552        0  1.09956        0)
q: ( -4.4052 0.691533 -1.49288 -3.31938  2.04479    2.404); parent q: ( 6.27852 0.575959 -1.67552        0  1.09956        0)
q: (-6.12443 -0.28703 -3.10133 -2.90105  2.10819  1.70877); parent q: ( 6.27852 0.575959 -1.67552        0  1.09956        0)
q: (     0      0      0 3.1415 1.5708      0); parent q: ( 6.27852 0.575959 -1.67552        0  1.09956        0)
q: ( 2.67771 0.892608 -2.38095 0.358878  1.51826  2.10025); parent q: ( 6.27852 0.575959 -1.67552        0  1.09956        0)
q: (   2.7945 -0.274671  -3.03091   2.06273 -0.204102   3.11621); parent q: ( 6.27852 0.575959 -1.67552        0  1.09956        0)
q: (  0.349313 -0.0343338  -0.378863    3.00665    1.34894   0.389527); parent q: ( 6.27852 0.575959 -1.67552        0  1.09956        0)
q: (     0      0      0 3.1415 1.5708      0); parent q: ( 6.27852 0.575959 -1.67552        0  1.09956        0)
q: ( -4.57647   -0.4726 -0.379302  0.627453   1.18286  -5.53811); parent q: ( 6.27852 0.575959 -1.67552        0  1.09956        0)
q: (-3.08609 -2.04588 -2.06264  2.96009 0.396706 -3.71073); parent q: ( 6.27852 0.575959 -1.67552        0  1.09956        0)
q: (     0      0      0 3.1415 1.5708      0); parent q: ( 6.27852 0.575959 -1.67552        0  1.09956        0)
q: (  3.83259 0.0278386  -1.29358   2.87605   3.03999  -4.82461); parent q: ( 6.27852 0.575959 -1.67552        0  1.09956        0)
q: (  6.08829  -1.03204 0.0522912   2.56916   2.18122  -5.61702); parent q: ( 6.27852 0.575959 -1.67552        0  1.09956        0)
q: ( 0.761036 -0.129005 0.0065364   3.06996    1.6471 -0.702127); parent q: ( 6.27852 0.575959 -1.67552        0  1.09956        0)
q: (     0      0      0 3.1415 1.5708      0); parent q: ( 6.27852 0.575959 -1.67552        0  1.09956        0)
q: ( -2.95625 -0.407209   -2.4976    5.7457 -0.677999   1.16124); parent q: ( 6.27852 0.575959 -1.67552        0  1.09956        0)
q: (-0.559788 -0.946686  -1.17886   6.04627 -0.209631    1.1189); parent q: ( 6.27852 0.575959 -1.67552        0  1.09956        0)
q: (     0      0      0 3.1415 1.5708      0); parent q: ( 6.27852 0.575959 -1.67552        0  1.09956        0)
q: ( 1.69021 0.712683  -3.7046  0.46102 0.616221 -2.89818); parent q: ( 6.27852 0.575959 -1.67552        0  1.09956        0)
q: ( 4.60073 0.842497  -2.0161 0.157872   1.9175 -3.72869); parent q: ( 6.27852 0.575959 -1.67552        0  1.09956        0)
q: (     0      0      0 3.1415 1.5708      0); parent q: ( 6.27852 0.575959 -1.67552        0  1.09956        0)
q: (-0.129886  -1.21421  -3.06744   6.18147  0.274728  -3.63105); parent q: ( 6.27852 0.575959 -1.67552        0  1.09956        0)
q: (  0.13937  -1.51859  -3.43551   4.58394 -0.330266  -5.66762); parent q: ( 6.27852 0.575959 -1.67552        0  1.09956        0)
q: (     0      0      0 3.1415 1.5708      0); parent q: ( 6.27852 0.575959 -1.67552        0  1.09956        0)
q: ( 1.32243 -1.29267 -2.55534  -2.4655  3.10888  2.31282); parent q: ( 6.27852 0.575959 -1.67552        0  1.09956        0)
q: ( 2.67771 0.892608 -2.38095 0.358878  1.51826  2.10025); parent q: ( 6.27852 0.575959 -1.67552        0  1.09956        0)
q: (     0      0      0 3.1415 1.5708      0); parent q: ( 6.27852 0.575959 -1.67552        0  1.09956        0)
q: (-4.58513 -1.55916  -2.2814 -4.32235   1.4749 0.362834); parent q: ( 6.27852 0.575959 -1.67552        0  1.09956        0)
q: (-6.12443 -0.28703 -3.10133 -2.90105  2.10819  1.70877); parent q: ( 6.27852 0.575959 -1.67552        0  1.09956        0)
q: (     0      0      0 3.1415 1.5708      0); parent q: ( 6.27852 0.575959 -1.67552        0  1.09956        0)
q: ( 2.16223 -1.60954 -1.13624  5.14012  2.90972 -5.53776); parent q: ( 6.27852 0.575959 -1.67552        0  1.09956        0)
q: ( 0.078069 -0.657965  -0.78258   4.83524   2.19788  -5.45039); parent q: ( 6.27852 0.575959 -1.67552        0  1.09956        0)
q: (     0      0      0 3.1415 1.5708      0); parent q: ( 6.27852 0.575959 -1.67552        0  1.09956        0)
q: ( -4.48793  -1.69387 -0.480278  -6.19343 -0.141116   5.23072); parent q: (-0.786964 -0.913619 -0.891141  -4.06444  0.285365   3.43266)
q: ( -6.27899 -0.807367 0.0110152  -4.78963   2.40908   5.48176); parent q: ( 6.27852 0.575959 -1.67552        0  1.09956        0)
q: (     0      0      0 3.1415 1.5708      0); parent q: ( 6.27852 0.575959 -1.67552        0  1.09956        0)
q: (-0.786964 -0.913619 -0.891141  -4.06444  0.285365   3.43266); parent q: ( 6.27852 0.575959 -1.67552        0  1.09956        0)
q: (-0.748379  0.952244 0.0768024   -1.2736  -1.60697  -4.96094); parent q: (-0.786964 -0.913619 -0.891141  -4.06444  0.285365   3.43266)
q: (  0.481084    -1.4312   -2.76933    5.83976 -0.0239443    5.24217); parent q: ( 6.27852 0.575959 -1.67552        0  1.09956        0)
q: (  2.16507  0.563197  -2.20973   6.11784 -0.583974     6.192); parent q: ( 6.27852 0.575959 -1.67552        0  1.09956        0)
q: (     0      0      0 3.1415 1.5708      0); parent q: ( 6.27852 0.575959 -1.67552        0  1.09956        0)
q: ( -4.20418   -1.3155 0.0698201  0.633214  -1.24117  -3.22775); parent q: ( 6.27852 0.575959 -1.67552        0  1.09956        0)
q: (-3.08609 -2.04588 -2.06264  2.96009 0.396706 -3.71073); parent q: ( 6.27852 0.575959 -1.67552        0  1.09956        0)
q: (     0      0      0 3.1415 1.5708      0); parent q: ( 6.27852 0.575959 -1.67552        0  1.09956        0)
q: (-0.00325513    0.506356    -1.28363     5.63122      3.0419     3.34292); parent q: ( 6.27852 0.575959 -1.67552        0  1.09956        0)
q: ( 0.566048 -0.101321  -1.59624   3.80676    2.4567   5.27113); parent q: ( 6.27852 0.575959 -1.67552        0  1.09956        0)
q: (     0      0      0 3.1415 1.5708      0); parent q: ( 6.27852 0.575959 -1.67552        0  1.09956        0)
q: ( -2.79707 -0.445515  -3.58019   4.79172 -0.976497  -4.32486); parent q: ( 6.27852 0.575959 -1.67552        0  1.09956        0)
q: (-3.08609 -2.04588 -2.06264  2.96009 0.396706 -3.71073); parent q: ( 6.27852 0.575959 -1.67552        0  1.09956        0)
q: (     0      0      0 3.1415 1.5708      0); parent q: ( 6.27852 0.575959 -1.67552        0  1.09956        0)
q: ( 4.88894  1.60268 -3.01451  2.86676   1.4219 -5.82876); parent q: ( 6.27852 0.575959 -1.67552        0  1.09956        0)
q: ( 4.60073 0.842497  -2.0161 0.157872   1.9175 -3.72869); parent q: ( 6.27852 0.575959 -1.67552        0  1.09956        0)
q: (     0      0      0 3.1415 1.5708      0); parent q: ( 6.27852 0.575959 -1.67552        0  1.09956        0)
q: (  1.56111  0.508047    -3.109   3.83909 -0.967929   -1.6902); parent q: ( 6.27852 0.575959 -1.67552        0  1.09956        0)
q: (   1.4652 -0.540317  -2.89522   4.38449   -1.1278  -4.16299); parent q: ( 6.27852 0.575959 -1.67552        0  1.09956        0)
q: (     0      0      0 3.1415 1.5708      0); parent q: ( 6.27852 0.575959 -1.67552        0  1.09956        0)
q: ( -5.49905  -0.30041 -0.248924   5.36318   1.34144  -2.77903); parent q: ( 6.27852 0.575959 -1.67552        0  1.09956        0)
q: (-3.08609 -2.04588 -2.06264  2.96009 0.396706 -3.71073); parent q: ( 6.27852 0.575959 -1.67552        0  1.09956        0)
q: (     0      0      0 3.1415 1.5708      0); parent q: ( 6.27852 0.575959 -1.67552        0  1.09956        0)
q: (   5.72106 -0.0659777  -0.552162    1.89481  -0.204072   -4.12848); parent q: ( 6.27852 0.575959 -1.67552        0  1.09956        0)
q: (  6.08829  -1.03204 0.0522912   2.56916   2.18122  -5.61702); parent q: ( 6.27852 0.575959 -1.67552        0  1.09956        0)
q: ( 0.761036 -0.129005 0.0065364   3.06996    1.6471 -0.702127); parent q: ( 6.27852 0.575959 -1.67552        0  1.09956        0)
q: (     0      0      0 3.1415 1.5708      0); parent q: ( 6.27852 0.575959 -1.67552        0  1.09956        0)
q: ( -2.91698  -1.30377 -0.414645  -3.76595  0.106106  -3.95049); parent q: ( 6.27852 0.575959 -1.67552        0  1.09956        0)
q: ( -1.72614 -0.337416 -0.459961  -5.16361   1.78187  -5.26295); parent q: ( 6.27852 0.575959 -1.67552        0  1.09956        0)
q: (-0.647303 -0.126531 -0.172485 0.0270843   1.64995   -1.9736); parent q: ( 6.27852 0.575959 -1.67552        0  1.09956        0)
q: (     0      0      0 3.1415 1.5708      0); parent q: ( 6.27852 0.575959 -1.67552        0  1.09956        0)
q: (  5.64343  -1.51696  -2.95189 -0.150779   1.82911   1.60527); parent q: ( 6.27852 0.575959 -1.67552        0  1.09956        0)
q: (  5.97388 -0.782132  -2.23045   1.13711   1.34965   1.28384); parent q: ( 6.27852 0.575959 -1.67552        0  1.09956        0)
q: (     0      0      0 3.1415 1.5708      0); parent q: ( 6.27852 0.575959 -1.67552        0  1.09956        0)
q: (  5.22273 0.0446317  -3.68133  0.028846   2.80924  -1.14308); parent q: ( 6.27852 0.575959 -1.67552        0  1.09956        0)
q: ( 6.27852 0.575959 -1.67552        0  1.09956        0); parent q: ( 6.27852 0.575959 -1.67552        0  1.09956        0)
q: (     0      0      0 3.1415 1.5708      0); parent q: ( 6.27852 0.575959 -1.67552        0  1.09956        0)
q: ( -5.80551   0.64365  -1.19421  -5.88709   2.53618 -0.905591); parent q: ( 6.27852 0.575959 -1.67552        0  1.09956        0)
q: (-6.01648  1.15623 -3.55113 -4.51563  2.27425  0.11841); parent q: ( 6.27852 0.575959 -1.67552        0  1.09956        0)
q: (     0      0      0 3.1415 1.5708      0); parent q: ( 6.27852 0.575959 -1.67552        0  1.09956        0)
q: (-0.980098   1.73912  -3.78615  -3.41608 -0.740403  -5.23527); parent q: ( 6.27852 0.575959 -1.67552        0  1.09956        0)
q: ( -1.72614 -0.337416 -0.459961  -5.16361   1.78187  -5.26295); parent q: ( 6.27852 0.575959 -1.67552        0  1.09956        0)
q: (-0.647303 -0.126531 -0.172485 0.0270843   1.64995   -1.9736); parent q: ( 6.27852 0.575959 -1.67552        0  1.09956        0)
q: (     0      0      0 3.1415 1.5708      0); parent q: ( 6.27852 0.575959 -1.67552        0  1.09956        0)
Tree: goal
q: (     0      0      0 3.1415 1.5708      0); parent q: NONE
q: (-6.12443 -0.28703 -3.10133 -2.90105  2.10819  1.70877); parent q: (     0      0      0 3.1415 1.5708      0)
q: ( 6.27852 0.575959 -1.67552        0  1.09956        0); parent q: (     0      0      0 3.1415 1.5708      0)
q: ( 4.60073 0.842497  -2.0161 0.157872   1.9175 -3.72869); parent q: (     0      0      0 3.1415 1.5708      0)
q: ( 6.27852 0.575959 -1.67552        0  1.09956        0); parent q: (     0      0      0 3.1415 1.5708      0)
q: (  6.08829  -1.03204 0.0522912   2.56916   2.18122  -5.61702); parent q: ( 0.761036 -0.129005 0.0065364   3.06996    1.6471 -0.702127)
q: ( 6.27852 0.575959 -1.67552        0  1.09956        0); parent q: (     0      0      0 3.1415 1.5708      0)
q: ( 6.27852 0.575959 -1.67552        0  1.09956        0); parent q: (     0      0      0 3.1415 1.5708      0)
q: ( 0.761036 -0.129005 0.0065364   3.06996    1.6471 -0.702127); parent q: (     0      0      0 3.1415 1.5708      0)
q: ( 0.953945  0.920956 0.0611241 -0.372727   2.04164   5.13993); parent q: ( 0.761036 -0.129005 0.0065364   3.06996    1.6471 -0.702127)
q: (-1.73588 -1.86203 -1.25215 -5.82195  2.48625 0.554407); parent q: (     0      0      0 3.1415 1.5708      0)
q: (-6.12443 -0.28703 -3.10133 -2.90105  2.10819  1.70877); parent q: ( -0.0956943 -0.00448484  -0.0484582     3.04709      1.5792   0.0266995)
q: ( 6.27852 0.575959 -1.67552        0  1.09956        0); parent q: (     0      0      0 3.1415 1.5708      0)
q: (  0.985695  -0.824104   -2.79164   -5.70209 -0.0754949    2.06529); parent q: (     0      0      0 3.1415 1.5708      0)
q: (  3.97728 -0.125066  -3.85503  -6.03494  0.938947   5.19819); parent q: (     0      0      0 3.1415 1.5708      0)
q: ( 6.27852 0.575959 -1.67552        0  1.09956        0); parent q: (     0      0      0 3.1415 1.5708      0)
q: ( 2.95844  1.51034 -2.71354  5.14955  2.71638    3.462); parent q: (     0      0      0 3.1415 1.5708      0)
q: (  4.88465 -0.649771  -3.66163   3.98798  0.393026   4.74281); parent q: (     0      0      0 3.1415 1.5708      0)
q: ( 6.27852 0.575959 -1.67552        0  1.09956        0); parent q: (     0      0      0 3.1415 1.5708      0)
q: ( 0.159273  -1.21614 -0.401948  -2.39513   3.05478 -0.357339); parent q: ( 0.0149319  -0.114014 -0.0376826    2.62244    1.70992 -0.0335005)
q: ( 0.761036 -0.129005 0.0065364   3.06996    1.6471 -0.702127); parent q: (     0      0      0 3.1415 1.5708      0)
q: ( 6.27852 0.575959 -1.67552        0  1.09956        0); parent q: (     0      0      0 3.1415 1.5708      0)
q: (  3.44198  0.422454 -0.733029   1.83951   2.85743 -0.979636); parent q: (     0      0      0 3.1415 1.5708      0)
q: ( 0.761036 -0.129005 0.0065364   3.06996    1.6471 -0.702127); parent q: (     0      0      0 3.1415 1.5708      0)
q: ( 6.27852 0.575959 -1.67552        0  1.09956        0); parent q: (     0      0      0 3.1415 1.5708      0)
q: ( 0.0149319  -0.114014 -0.0376826    2.62244    1.70992 -0.0335005); parent q: (     0      0      0 3.1415 1.5708      0)
q: (  3.77412  -2.04255 0.0847376  -5.16422  0.257562  -3.72212); parent q: ( 0.0149319  -0.114014 -0.0376826    2.62244    1.70992 -0.0335005)
q: (  4.52908 -0.706539 0.0112159  -1.45455   1.52654  -5.69467); parent q: (     0      0      0 3.1415 1.5708      0)
q: ( 6.27852 0.575959 -1.67552        0  1.09956        0); parent q: (     0      0      0 3.1415 1.5708      0)
q: (   2.7945 -0.274671  -3.03091   2.06273 -0.204102   3.11621); parent q: (  0.349313 -0.0343338  -0.378863    3.00665    1.34894   0.389527)
q: (  4.88465 -0.649771  -3.66163   3.98798  0.393026   4.74281); parent q: (     0      0      0 3.1415 1.5708      0)
q: ( 6.27852 0.575959 -1.67552        0  1.09956        0); parent q: (     0      0      0 3.1415 1.5708      0)
q: (  0.349313 -0.0343338  -0.378863    3.00665    1.34894   0.389527); parent q: (     0      0      0 3.1415 1.5708      0)
q: (-0.623564   1.40099   -2.6835   5.40245  -1.66764   3.67932); parent q: (  0.349313 -0.0343338  -0.378863    3.00665    1.34894   0.389527)
q: ( 6.27852 0.575959 -1.67552        0  1.09956        0); parent q: (     0      0      0 3.1415 1.5708      0)
q: ( -0.0956943 -0.00448484  -0.0484582     3.04709      1.5792   0.0266995); parent q: (     0      0      0 3.1415 1.5708      0)
q: (-4.93515 0.169278 -1.74904 -1.50147  -1.5766 0.146059); parent q: ( -1.60802 0.0498161  -0.57989   1.62566  0.593009 0.0639995)
q: (-6.12443 -0.28703 -3.10133 -2.90105  2.10819  1.70877); parent q: (     0      0      0 3.1415 1.5708      0)
q: ( 6.27852 0.575959 -1.67552        0  1.09956        0); parent q: (     0      0      0 3.1415 1.5708      0)
q: (-0.559788 -0.946686  -1.17886   6.04627 -0.209631    1.1189); parent q: (     0      0      0 3.1415 1.5708      0)
q: (     0      0      0 3.1415 1.5708      0); parent q: (     0      0      0 3.1415 1.5708      0)
q: ( 6.27852 0.575959 -1.67552        0  1.09956        0); parent q: (     0      0      0 3.1415 1.5708      0)
q: ( -1.72614 -0.337416 -0.459961  -5.16361   1.78187  -5.26295); parent q: (-0.647303 -0.126531 -0.172485 0.0270843   1.64995   -1.9736)
q: (-0.647303 -0.126531 -0.172485 0.0270843   1.64995   -1.9736); parent q: (     0      0      0 3.1415 1.5708      0)
q: ( -0.62542 0.0957857  -1.21903  -2.96977 -0.365074 -0.345656); parent q: (-0.647303 -0.126531 -0.172485 0.0270843   1.64995   -1.9736)
q: ( 6.27852 0.575959 -1.67552        0  1.09956        0); parent q: (     0      0      0 3.1415 1.5708      0)
q: ( 5.08502 -1.05461 -2.13675  5.85592  2.53183 -4.51689); parent q: (     0      0      0 3.1415 1.5708      0)
q: (   1.4652 -0.540317  -2.89522   4.38449   -1.1278  -4.16299); parent q: (     0      0      0 3.1415 1.5708      0)
q: ( 6.27852 0.575959 -1.67552        0  1.09956        0); parent q: (     0      0      0 3.1415 1.5708      0)
q: (-2.08329 -0.98007 -3.86362   4.9968  1.40845  3.29347); parent q: (     0      0      0 3.1415 1.5708      0)
q: (     0      0      0 3.1415 1.5708      0); parent q: (     0      0      0 3.1415 1.5708      0)
q: ( 6.27852 0.575959 -1.67552        0  1.09956        0); parent q: (     0      0      0 3.1415 1.5708      0)
q: ( -2.0553 -1.64222  -1.6118  5.00562 -1.01906 -0.56912); parent q: (     0      0      0 3.1415 1.5708      0)
q: (     0      0      0 3.1415 1.5708      0); parent q: (     0      0      0 3.1415 1.5708      0)
q: ( 6.27852 0.575959 -1.67552        0  1.09956        0); parent q: (     0      0      0 3.1415 1.5708      0)
q: (-0.992099   1.34053  -3.74732   3.51124    2.4387   5.22406); parent q: (     0      0      0 3.1415 1.5708      0)
q: (1.29171 1.82331 -3.1938 2.19329  2.7636 5.16896); parent q: (     0      0      0 3.1415 1.5708      0)
q: ( 6.27852 0.575959 -1.67552        0  1.09956        0); parent q: (     0      0      0 3.1415 1.5708      0)
q: ( -3.91995 -0.627034 -0.992803   4.76338  -0.24352     1.932); parent q: (     0      0      0 3.1415 1.5708      0)
q: (     0      0      0 3.1415 1.5708      0); parent q: (     0      0      0 3.1415 1.5708      0)
q: ( 6.27852 0.575959 -1.67552        0  1.09956        0); parent q: (     0      0      0 3.1415 1.5708      0)
q: (-3.08609 -2.04588 -2.06264  2.96009 0.396706 -3.71073); parent q: (     0      0      0 3.1415 1.5708      0)
q: (-0.904728 -0.825681   -2.9635   1.52577  0.382113  -2.39775); parent q: (     0      0      0 3.1415 1.5708      0)
q: ( 6.27852 0.575959 -1.67552        0  1.09956        0); parent q: (     0      0      0 3.1415 1.5708      0)
q: ( -1.73697 -0.732614  -3.27216   3.28452 -0.115828   1.22246); parent q: (     0      0      0 3.1415 1.5708      0)
q: (  0.349313 -0.0343338  -0.378863    3.00665    1.34894   0.389527); parent q: (     0      0      0 3.1415 1.5708      0)
q: ( 6.27852 0.575959 -1.67552        0  1.09956        0); parent q: (     0      0      0 3.1415 1.5708      0)
q: ( 0.566048 -0.101321  -1.59624   3.80676    2.4567   5.27113); parent q: (     0      0      0 3.1415 1.5708      0)
q: (1.29171 1.82331 -3.1938 2.19329  2.7636 5.16896); parent q: (     0      0      0 3.1415 1.5708      0)
q: ( 6.27852 0.575959 -1.67552        0  1.09956        0); parent q: (     0      0      0 3.1415 1.5708      0)
q: ( 5.64342 -1.13223 -2.25496 -1.86241  1.10601  5.50932); parent q: (     0      0      0 3.1415 1.5708      0)
q: (  6.10401  0.144976  -3.81354  -2.74524 -0.278004   2.79533); parent q: (     0      0      0 3.1415 1.5708      0)
q: ( 6.27852 0.575959 -1.67552        0  1.09956        0); parent q: (     0      0      0 3.1415 1.5708      0)
q: (  5.97388 -0.782132  -2.23045   1.13711   1.34965   1.28384); parent q: (     0      0      0 3.1415 1.5708      0)
q: (  4.7382  -2.0032 -1.81575  3.32589 0.349882 0.368299); parent q: (     0      0      0 3.1415 1.5708      0)
q: ( 6.27852 0.575959 -1.67552        0  1.09956        0); parent q: (     0      0      0 3.1415 1.5708      0)
q: ( -6.27899 -0.807367 0.0110152  -4.78963   2.40908   5.48176); parent q: (     0      0      0 3.1415 1.5708      0)
q: ( -4.4052 0.691533 -1.49288 -3.31938  2.04479    2.404); parent q: (     0      0      0 3.1415 1.5708      0)
q: ( 6.27852 0.575959 -1.67552        0  1.09956        0); parent q: (     0      0      0 3.1415 1.5708      0)
q: (  5.49354  0.342745 -0.997061   3.20188   1.36099  -1.06189); parent q: (     0      0      0 3.1415 1.5708      0)
q: (  3.44198  0.422454 -0.733029   1.83951   2.85743 -0.979636); parent q: (     0      0      0 3.1415 1.5708      0)
q: ( 6.27852 0.575959 -1.67552        0  1.09956        0); parent q: (     0      0      0 3.1415 1.5708      0)
q: ( 0.078069 -0.657965  -0.78258   4.83524   2.19788  -5.45039); parent q: (     0      0      0 3.1415 1.5708      0)
q: (  0.13937  -1.51859  -3.43551   4.58394 -0.330266  -5.66762); parent q: (     0      0      0 3.1415 1.5708      0)
q: ( 6.27852 0.575959 -1.67552        0  1.09956        0); parent q: (     0      0      0 3.1415 1.5708      0)
q: (  2.16507  0.563197  -2.20973   6.11784 -0.583974     6.192); parent q: (     0      0      0 3.1415 1.5708      0)
q: ( 2.95844  1.51034 -2.71354  5.14955  2.71638    3.462); parent q: (     0      0      0 3.1415 1.5708      0)
q: ( 6.27852 0.575959 -1.67552        0  1.09956        0); parent q: (     0      0      0 3.1415 1.5708      0)
q: ( -1.60802 0.0498161  -0.57989   1.62566  0.593009 0.0639995); parent q: ( -0.0956943 -0.00448484  -0.0484582     3.04709      1.5792   0.0266995)
q: ( -6.03397 0.0512558 -0.493353  -4.84205   -1.5648  0.972801); parent q: ( -1.60802 0.0498161  -0.57989   1.62566  0.593009 0.0639995)
q: (-4.93515 0.169278 -1.74904 -1.50147  -1.5766 0.146059); parent q: ( -0.0956943 -0.00448484  -0.0484582     3.04709      1.5792   0.0266995)
q: ( 6.27852 0.575959 -1.67552        0  1.09956        0); parent q: (     0      0      0 3.1415 1.5708      0)
q: ( 3.64564 -0.26197 -3.35103  2.29146  2.63319  2.25638); parent q: (     0      0      0 3.1415 1.5708      0)
q: ( 2.67771 0.892608 -2.38095 0.358878  1.51826  2.10025); parent q: (     0      0      0 3.1415 1.5708      0)
q: ( 6.27852 0.575959 -1.67552        0  1.09956        0); parent q: (     0      0      0 3.1415 1.5708      0)
q: (   5.3531  -1.38308  -0.41181   2.30614    1.1007 -0.788969); parent q: (     0      0      0 3.1415 1.5708      0)
q: (  3.44198  0.422454 -0.733029   1.83951   2.85743 -0.979636); parent q: (     0      0      0 3.1415 1.5708      0)
q: ( 6.27852 0.575959 -1.67552        0  1.09956        0); parent q: (     0      0      0 3.1415 1.5708      0)
q: ( 2.77362 0.929429 0.188741 -1.93005  2.05841 -2.81758); parent q: (     0      0      0 3.1415 1.5708      0)
q: (-5.82508 -1.18936 -2.15335   -4.137  2.02572  4.39842); parent q: (     0      0      0 3.1415 1.5708      0)
q: (-6.12443 -0.28703 -3.10133 -2.90105  2.10819  1.70877); parent q: (     0      0      0 3.1415 1.5708      0)
q: ( 6.27852 0.575959 -1.67552        0  1.09956        0); parent q: (     0      0      0 3.1415 1.5708      0)
q: (  1.66735   0.98716  -2.98434   4.14173 -0.710294   2.06356); parent q: (     0      0      0 3.1415 1.5708      0)
q: (   2.7945 -0.274671  -3.03091   2.06273 -0.204102   3.11621); parent q: (     0      0      0 3.1415 1.5708      0)
q: ( 6.27852 0.575959 -1.67552        0  1.09956        0); parent q: (     0      0      0 3.1415 1.5708      0)
q: (   1.3438 -0.979251  -2.60006 -0.617838  0.460785  -2.00661); parent q: (     0      0      0 3.1415 1.5708      0)
q: ( 1.69021 0.712683  -3.7046  0.46102 0.616221 -2.89818); parent q: (     0      0      0 3.1415 1.5708      0)
q: ( 6.27852 0.575959 -1.67552        0  1.09956        0); parent q: (     0      0      0 3.1415 1.5708      0)
q: ( 4.23887 0.771393 -3.88625 -4.79563  1.43101 -1.82059); parent q: (     0      0      0 3.1415 1.5708      0)
q: ( 4.60073 0.842497  -2.0161 0.157872   1.9175 -3.72869); parent q: (     0      0      0 3.1415 1.5708      0)
q: ( 6.27852 0.575959 -1.67552        0  1.09956        0); parent q: (     0      0      0 3.1415 1.5708      0)
q: ( -3.08178 -0.092433  -3.68507   1.50114   2.35999   1.38193); parent q: (     0      0      0 3.1415 1.5708      0)
q: ( -1.73697 -0.732614  -3.27216   3.28452 -0.115828   1.22246); parent q: (     0      0      0 3.1415 1.5708      0)
q: ( 6.27852 0.575959 -1.67552        0  1.09956        0); parent q: (     0      0      0 3.1415 1.5708      0)
q: (  3.97808  -1.44525  -2.86617   4.10242 -0.406266   5.07334); parent q: (     0      0      0 3.1415 1.5708      0)
q: (  4.88465 -0.649771  -3.66163   3.98798  0.393026   4.74281); parent q: (     0      0      0 3.1415 1.5708      0)
q: ( 6.27852 0.575959 -1.67552        0  1.09956        0); parent q: (     0      0      0 3.1415 1.5708      0)
q: (-0.246316 -0.670103  -1.23225   3.40559  0.988381   1.96084); parent q: (     0      0      0 3.1415 1.5708      0)
q: (  0.349313 -0.0343338  -0.378863    3.00665    1.34894   0.389527); parent q: (     0      0      0 3.1415 1.5708      0)
q: ( 6.27852 0.575959 -1.67552        0  1.09956        0); parent q: (     0      0      0 3.1415 1.5708      0)
q: (  2.81823  -1.64242 -0.369614  -5.44964   2.27718   4.21396); parent q: (     0      0      0 3.1415 1.5708      0)
q: (  3.97728 -0.125066  -3.85503  -6.03494  0.938947   5.19819); parent q: (     0      0      0 3.1415 1.5708      0)
q: ( 6.27852 0.575959 -1.67552        0  1.09956        0); parent q: (     0      0      0 3.1415 1.5708      0)
q: (-3.30725  -1.2395 -3.12639 -5.44402   2.2725 -2.89659); parent q: (     0      0      0 3.1415 1.5708      0)
q: (-4.58513 -1.55916  -2.2814 -4.32235   1.4749 0.362834); parent q: (     0      0      0 3.1415 1.5708      0)
q: ( 6.27852 0.575959 -1.67552        0  1.09956        0); parent q: (     0      0      0 3.1415 1.5708      0)
q: ( -1.03129  0.013092 -0.768151     3.996   2.63795   2.87907); parent q: (     0      0      0 3.1415 1.5708      0)
q: (-0.00325513    0.506356    -1.28363     5.63122      3.0419     3.34292); parent q: (     0      0      0 3.1415 1.5708      0)
q: ( 6.27852 0.575959 -1.67552        0  1.09956        0); parent q: (     0      0      0 3.1415 1.5708      0)
q: ( 4.84578 0.413929 -2.90529   4.3404  1.65977  4.95717); parent q: (     0      0      0 3.1415 1.5708      0)
q: (  4.88465 -0.649771  -3.66163   3.98798  0.393026   4.74281); parent q: (     0      0      0 3.1415 1.5708      0)
q: ( 6.27852 0.575959 -1.67552        0  1.09956        0); parent q: (     0      0      0 3.1415 1.5708      0)
q: ( 1.97364 -1.46564  -3.2552 0.434359 0.454932  3.77565); parent q: (     0      0      0 3.1415 1.5708      0)
q: (   2.7945 -0.274671  -3.03091   2.06273 -0.204102   3.11621); parent q: (     0      0      0 3.1415 1.5708      0)
q: ( 6.27852 0.575959 -1.67552        0  1.09956        0); parent q: (     0      0      0 3.1415 1.5708      0)
q: ( 5.13153  1.05124 -3.05498  3.87432 -0.25286  5.24108); parent q: (     0      0      0 3.1415 1.5708      0)
q: (  4.88465 -0.649771  -3.66163   3.98798  0.393026   4.74281); parent q: (     0      0      0 3.1415 1.5708      0)
q: ( 6.27852 0.575959 -1.67552        0  1.09956        0); parent q: (     0      0      0 3.1415 1.5708      0)
q: (-6.01648  1.15623 -3.55113 -4.51563  2.27425  0.11841); parent q: (     0      0      0 3.1415 1.5708      0)
q: (-6.12443 -0.28703 -3.10133 -2.90105  2.10819  1.70877); parent q: (     0      0      0 3.1415 1.5708      0)
q: ( 6.27852 0.575959 -1.67552        0  1.09956        0); parent q: (     0      0      0 3.1415 1.5708      0)
q: (-0.637024  -1.69156  -2.31109  0.923504   1.11651  -1.62477); parent q: (     0      0      0 3.1415 1.5708      0)
q: (-0.904728 -0.825681   -2.9635   1.52577  0.382113  -2.39775); parent q: (     0      0      0 3.1415 1.5708      0)
q: ( 6.27852 0.575959 -1.67552        0  1.09956        0); parent q: (     0      0      0 3.1415 1.5708      0)
q: (  -0.64537    -1.5259 -0.0112211    1.03774    1.47894    3.64522); parent q: (     0      0      0 3.1415 1.5708      0)
q: (  0.349313 -0.0343338  -0.378863    3.00665    1.34894   0.389527); parent q: (     0      0      0 3.1415 1.5708      0)
q: ( 6.27852 0.575959 -1.67552        0  1.09956        0); parent q: (     0      0      0 3.1415 1.5708      0)
q: (-3.31751   1.2579 -3.42861 -3.11762   2.3626 -1.76557); parent q: (-0.622033  0.235857 -0.642865   1.96792   1.71926 -0.331045)
q: (-0.622033  0.235857 -0.642865   1.96792   1.71926 -0.331045); parent q: (     0      0      0 3.1415 1.5708      0)
q: ( -0.62542 0.0957857  -1.21903  -2.96977 -0.365074 -0.345656); parent q: (-0.622033  0.235857 -0.642865   1.96792   1.71926 -0.331045)
q: ( 6.27852 0.575959 -1.67552        0  1.09956        0); parent q: (     0      0      0 3.1415 1.5708      0)
q: (  2.32843 -0.318289  -3.30635   3.83932   2.07837   -2.4393); parent q: (     0      0      0 3.1415 1.5708      0)
q: (  3.83259 0.0278386  -1.29358   2.87605   3.03999  -4.82461); parent q: (     0      0      0 3.1415 1.5708      0)
q: ( 6.27852 0.575959 -1.67552        0  1.09956        0); parent q: (     0      0      0 3.1415 1.5708      0)
Cost convergence: 
Cost [rad]		Num. states		Time [ms]
inf		1		0
inf		2		0
7.25604		3		7
7.25604		4		7
7.25604		5		12
7.25604		6		12
7.25604		7		17
7.25604		8		17
7.25604		9		17
7.25604		10		25
7.25604		11		86
7.25604		12		86
7.25604		13		86
7.25604		14		86
7.25604		15		97
7.25604		16		97
7.25604		17		97
7.25604		18		107
7.25604		19		107
7.25604		20		107
7.25604		21		115
7.25604		22		115
7.25604		23		115
7.25604		24		119
7.25604		25		119
7.25604		26		119
7.25604		27		124
7.25604		28		124
7.25604		29		124
7.25604		30		130
7.25604		31		130
7.25604		32		130
7.25604		33		136
7.25604		34		136
7.25604		35		136
7.25604		36		145
7.25604		37		145
7.25604		38		145
7.25604		39		149
7.25604		40		149
7.25604		41		149
7.25604		42		154
7.25604		43		154
7.25604		44		154
7.25604		45		162
7.25604		46		162
7.25604		47		162
7.25604		48		167
7.25604		49		167
7.25604		50		167
7.25604		51		184
7.25604		52		184
7.25604		53		184
7.25604		54		195
7.25604		55		195
7.25604		56		195
7.25604		57		219
7.25604		58		219
7.25604		59		219
7.25604		60		219
7.25604		61		228
7.25604		62		228
7.25604		63		228
7.25604		64		232
7.25604		65		232
7.25604		66		232
7.25604		67		241
7.25604		68		241
7.25604		69		241
7.25604		70		241
7.25604		71		254
7.25604		72		254
7.25604		73		254
7.25604		74		270
7.25604		75		270
7.25604		76		270
7.25604		77		270
7.25604		78		274
7.25604		79		274
7.25604		80		274
7.25604		81		288
7.25604		82		288
7.25604		83		288
7.25604		84		288
7.25604		85		294
7.25604		86		294
7.25604		87		294
7.25604		88		300
7.25604		89		300
7.25604		90		300
7.25604		91		306
7.25604		92		306
7.25604		93		306
7.25604		94		306
7.25604		95		316
7.25604		96		316
7.25604		97		316
7.25604		98		322
7.25604		99		322
7.25604		100		322
7.25604		101		322
7.25604		102		326
7.25604		103		326
7.25604		104		326
7.25604		105		332
7.25604		106		332
7.25604		107		332
7.25604		108		332
7.25604		109		343
7.25604		110		343
7.25604		111		343
7.25604		112		352
7.25604		113		352
7.25604		114		352
7.25604		115		352
7.25604		116		358
7.25604		117		358
7.25604		118		358
7.25604		119		377
7.25604		120		377
7.25604		121		377
7.25604		122		377
7.25604		123		386
7.25604		124		386
7.25604		125		386
7.25604		126		391
7.25604		127		391
7.25604		128		391
7.25604		129		399
7.25604		130		399
7.25604		131		399
7.25604		132		407
7.25604		133		407
7.25604		134		407
7.25604		135		417
7.25604		136		417
7.25604		137		417
7.25604		138		423
7.25604		139		423
7.25604		140		423
7.25604		141		431
7.25604		142		431
7.25604		143		431
7.25604		144		431
7.25604		145		437
7.25604		146		437
7.25604		147		437
7.25604		148		445
7.25604		149		445
7.25604		150		445
7.25604		151		456
7.25604		152		456
7.25604		153		456
7.25604		154		462
7.25604		155		462
7.25604		156		462
7.25604		157		474
7.25604		158		474
7.25604		159		474
7.25604		160		481
7.25604		161		481
7.25604		162		481
7.25604		163		487
7.25604		164		487
7.25604		165		487
7.25604		166		487
7.25604		167		494
7.25604		168		494
7.25604		169		494
7.25604		170		500
7.25604		171		500
7.25604		172		500
7.25604		173		506
7.25604		174		506
7.25604		175		506
7.25604		176		536
7.25604		177		536
7.25604		178		536
7.25604		179		536
7.25604		180		541
7.25604		181		541
7.25604		182		541
7.25604		183		546
7.25604		184		546
7.25604		185		546
7.25604		186		552
7.25604		187		552
7.25604		188		552
7.25604		189		562
7.25604		190		569
7.25604		191		569
7.25604		192		569
7.25604		193		570
7.25604		194		576
7.25604		195		576
7.25604		196		576
7.25604		197		583
7.25604		198		583
7.25604		199		583
7.25604		200		591
7.25604		201		591
7.25604		202		591
7.25604		203		623
7.25604		204		623
7.25604		205		623
7.25604		206		623
7.25604		207		629
7.25604		208		629
7.25604		209		629
7.25604		210		634
7.25604		211		634
7.25604		212		634
7.25604		213		640
7.25604		214		640
7.25604		215		640
7.25604		216		645
7.25604		217		645
7.25604		218		645
7.25604		219		651
7.25604		220		651
7.25604		221		651
7.25604		222		659
7.25604		223		659
7.25604		224		659
7.25604		225		662
7.25604		226		662
7.25604		227		662
7.25604		228		667
7.25604		229		667
7.25604		230		667
7.25604		231		673
7.25604		232		673
7.25604		233		673
7.25604		234		679
7.25604		235		679
7.25604		236		679
7.25604		237		688
7.25604		238		688
7.25604		239		688
7.25604		240		692
7.25604		241		692
7.25604		242		692
7.25604		243		695
7.25604		244		695
7.25604		245		695
7.25604		246		700
7.25604		247		700
7.25604		248		700
7.25604		249		709
7.25604		250		709
7.25604		251		709
7.25604		252		715
7.25604		253		715
7.25604		254		715
7.25604		255		715
7.25604		256		720
7.25604		257		720
7.25604		258		720
7.25604		259		725
7.25604		260		725
7.25604		261		725
7.25604		262		731
7.25604		263		731
7.25604		264		731
7.25604		265		747
7.25604		266		747
7.25604		267		747
7.25604		268		747
7.25604		269		752
7.25604		270		752
7.25604		271		752
7.25604		272		755
7.25604		273		755
7.25604		274		755
7.25604		275		760
7.25604		276		760
7.25604		277		760
7.25604		278		765
7.25604		279		765
7.25604		280		765
7.25604		281		768
7.25604		282		768
7.25604		283		768
7.25604		284		781
7.25604		285		781
7.25604		286		781
7.25604		287		781
7.25604		288		789
7.25604		289		789
7.25604		290		789
7.25604		291		794
7.25604		292		794
7.25604		293		794
7.25604		294		807
7.25604		295		807
7.25604		296		807
7.25604		297		807
Path:
q: ( 6.27852 0.575959 -1.67552        0  1.09956        0); parent q: (     0      0      0 3.1415 1.5708      0)
q: (     0      0      0 3.1415 1.5708      0); parent q: NONE
-------------------------
